Arguments: 
  /home/themetal696/.nvm/versions/node/v18.4.0/bin/node /home/themetal696/.node/corepack/yarn/1.22.19/bin/yarn.js

PATH: 
  /home/themetal696/.nvm/versions/node/v18.4.0/bin:/home/themetal696/.cargo/bin:/usr/local/bin:/usr/local/sbin:/usr/bin:/usr/sbin

Yarn version: 
  1.22.19

Node version: 
  18.4.0

Platform: 
  linux x64

Trace: 
  Error: connect EHOSTUNREACH 2606:4700::6810:1323:443
      at TCPConnectWrap.afterConnect [as oncomplete] (node:net:1237:16)

npm manifest: 
  {
    "name": "tellete-contracts",
    "version": "1.0.0",
    "main": "index.js",
    "author": "Jethro Cabaluna",
    "license": "MIT",
    "devDependencies": {
      "@ethersproject/abi": "^5.4.7",
      "@ethersproject/providers": "^5.4.7",
      "@nomicfoundation/hardhat-chai-matchers": "^1.0.0",
      "@nomicfoundation/hardhat-network-helpers": "^1.0.0",
      "@nomicfoundation/hardhat-toolbox": "^1.0.1",
      "@nomiclabs/hardhat-ethers": "^2.0.0",
      "@nomiclabs/hardhat-etherscan": "^3.0.0",
      "@typechain/ethers-v5": "^10.1.0",
      "@typechain/hardhat": "^6.1.2",
      "@types/chai": "^4.2.0",
      "@types/mocha": "^9.1.0",
      "@types/node": ">=12.0.0",
      "chai": "^4.2.0",
      "ethers": "^5.4.7",
      "hardhat": "^2.10.2",
      "hardhat-gas-reporter": "^1.0.8",
      "solidity-coverage": "^0.7.21",
      "ts-node": ">=8.0.0",
      "typechain": "^8.1.0",
      "typescript": ">=4.5.0"
    }
  }

yarn manifest: 
  No manifest

Lockfile: 
  No lockfile
